<?xml version="1.0" encoding="UTF-8" standalone="no"?>
<!DOCTYPE log SYSTEM "logger.dtd">
<log>
<record>
  <date>2019-03-05T10:29:10</date>
  <millis>1551752950530</millis>
  <sequence>0</sequence>
  <level>START</level>
  <class>com.kms.katalon.core.logging.XmlKeywordLogger</class>
  <method>startSuite</method>
  <thread>1</thread>
  <message>Start Test Suite : Test Suites/Login</message>
  <nestedLevel>0</nestedLevel>
  <property name="name">Login</property>
  <property name="description"></property>
  <property name="id">Test Suites/Login</property>
</record>
<record>
  <date>2019-03-05T10:29:10</date>
  <millis>1551752950673</millis>
  <sequence>1</sequence>
  <level>RUN_DATA</level>
  <class>com.kms.katalon.core.logging.XmlKeywordLogger</class>
  <method>logMessage</method>
  <thread>1</thread>
  <message>hostName = hrmlabs - GIV</message>
  <nestedLevel>0</nestedLevel>
  <property name="hostName">hrmlabs - GIV</property>
</record>
<record>
  <date>2019-03-05T10:29:10</date>
  <millis>1551752950674</millis>
  <sequence>2</sequence>
  <level>RUN_DATA</level>
  <class>com.kms.katalon.core.logging.XmlKeywordLogger</class>
  <method>logMessage</method>
  <thread>1</thread>
  <message>os = Windows 10 64bit</message>
  <nestedLevel>0</nestedLevel>
  <property name="os">Windows 10 64bit</property>
</record>
<record>
  <date>2019-03-05T10:29:10</date>
  <millis>1551752950675</millis>
  <sequence>3</sequence>
  <level>RUN_DATA</level>
  <class>com.kms.katalon.core.logging.XmlKeywordLogger</class>
  <method>logMessage</method>
  <thread>1</thread>
  <message>hostAddress = 192.168.1.3</message>
  <nestedLevel>0</nestedLevel>
  <property name="hostAddress">192.168.1.3</property>
</record>
<record>
  <date>2019-03-05T10:29:10</date>
  <millis>1551752950677</millis>
  <sequence>4</sequence>
  <level>RUN_DATA</level>
  <class>com.kms.katalon.core.logging.XmlKeywordLogger</class>
  <method>logMessage</method>
  <thread>1</thread>
  <message>katalonVersion = 6.0.4.1</message>
  <nestedLevel>0</nestedLevel>
  <property name="katalonVersion">6.0.4.1</property>
</record>
<record>
  <date>2019-03-05T10:29:11</date>
  <millis>1551752951860</millis>
  <sequence>5</sequence>
  <level>START</level>
  <class>com.kms.katalon.core.logging.XmlKeywordLogger</class>
  <method>startTest</method>
  <thread>1</thread>
  <message>Start Test Case : Test Cases/Common Test Cases/Login_NonValid</message>
  <nestedLevel>1</nestedLevel>
  <property name="name">Test Cases/Common Test Cases/Login_NonValid</property>
  <property name="description"></property>
  <property name="id">Test Cases/Common Test Cases/Login_NonValid</property>
  <property name="source">C:\\Users\\kris\\Katalon Studio\\Cdg\\Test Cases\\Common Test Cases\\Login_NonValid.tc</property>
  <property name="isOptional">false</property>
</record>
<record>
  <date>2019-03-05T10:29:12</date>
  <millis>1551752952464</millis>
  <sequence>7</sequence>
  <level>START</level>
  <class>com.kms.katalon.core.logging.XmlKeywordLogger</class>
  <method>startKeyword</method>
  <thread>1</thread>
  <message>Start action : return null</message>
  <nestedLevel>1</nestedLevel>
  <property name="startLine">-1</property>
  <property name="stepIndex">1</property>
</record>
<record>
  <date>2019-03-05T10:29:12</date>
  <millis>1551752952465</millis>
  <sequence>8</sequence>
  <level>END</level>
  <class>com.kms.katalon.core.logging.XmlKeywordLogger</class>
  <method>endKeyword</method>
  <thread>1</thread>
  <message>End action : return null</message>
  <nestedLevel>1</nestedLevel>
</record>
<record>
  <date>2019-03-05T10:29:12</date>
  <millis>1551752952465</millis>
  <sequence>9</sequence>
  <level>PASSED</level>
  <class>com.kms.katalon.core.logging.XmlKeywordLogger</class>
  <method>logMessage</method>
  <thread>1</thread>
  <message>Test Cases/Common Test Cases/Login_NonValid</message>
  <nestedLevel>1</nestedLevel>
</record>
<record>
  <date>2019-03-05T10:29:12</date>
  <millis>1551752952465</millis>
  <sequence>10</sequence>
  <level>END</level>
  <class>com.kms.katalon.core.logging.XmlKeywordLogger</class>
  <method>endTest</method>
  <thread>1</thread>
  <message>End Test Case : Test Cases/Common Test Cases/Login_NonValid</message>
  <nestedLevel>0</nestedLevel>
</record>
<record>
  <date>2019-03-05T10:29:13</date>
  <millis>1551752953881</millis>
  <sequence>11</sequence>
  <level>END</level>
  <class>com.kms.katalon.core.logging.XmlKeywordLogger</class>
  <method>endSuite</method>
  <thread>1</thread>
  <message>End Test Suite : Test Suites/Login</message>
  <nestedLevel>0</nestedLevel>
</record>
</log>
